<?xml version="1.0" encoding="UTF-8"?>
<!-- Generated by org.testng.reporters.JUnitXMLReporter -->
<testsuite ignored="2" hostname="gurlaptop193" failures="1" tests="6" name="LoanType" time="0.065" errors="0" timestamp="2021-04-26T21:14:05 IST">
  <testcase classname="testNg.Basic3" name="HouseLoan" time="0.002"/>
  <testcase classname="testNg.Basic4" name="HouseLoanAPI" time="0.0">
    <failure type="org.testng.TestNGException" message="
Parameter &amp;apos;URL&amp;apos; is required by @Test on method HouseLoanAPI but has not been marked @Optional or defined
in D:\WorkspaceSelenium\Framework\testng.xml">
      <![CDATA[org.testng.TestNGException: 
Parameter 'URL' is required by @Test on method HouseLoanAPI but has not been marked @Optional or defined
in D:\WorkspaceSelenium\Framework\testng.xml
at java.base/java.util.ArrayList.forEach(ArrayList.java:1540)
... Removed 26 stack frames]]>
    </failure>
  </testcase> <!-- HouseLoanAPI -->
  <testcase classname="testNg.Basic4" name="MobileloanAPI" time="0.002"/>
  <testcase classname="testNg.Basic4" name="MobileloanAPI" time="0.008"/>
  <testcase classname="testNg.Basic4" name="MobileloanAPI" time="0.005"/>
  <testcase classname="testNg.Basic4" name="carloanAPI" time="0.002"/>
  <testcase classname="testNg.Basic3" name="carloan" time="0.0">
    <ignored/>
  </testcase> <!-- carloan -->
  <testcase classname="testNg.Basic3" name="Mobileloan" time="0.0">
    <ignored/>
  </testcase> <!-- Mobileloan -->
</testsuite> <!-- LoanType -->
